Determining if the pthread_create exist failed with the following output:
Change Dir: /home/sylvan/Downloads/CDLOD/CDLOD/build/CMakeFiles/CMakeTmp

Run Build Command:/usr/bin/make "cmTryCompileExec2971351410/fast"
/usr/bin/make -f CMakeFiles/cmTryCompileExec2971351410.dir/build.make CMakeFiles/cmTryCompileExec2971351410.dir/build
make[1]: Entering directory `/home/sylvan/Downloads/CDLOD/CDLOD/build/CMakeFiles/CMakeTmp'
/usr/bin/cmake -E cmake_progress_report /home/sylvan/Downloads/CDLOD/CDLOD/build/CMakeFiles/CMakeTmp/CMakeFiles 1
Building C object CMakeFiles/cmTryCompileExec2971351410.dir/CheckSymbolExists.c.o
/usr/bin/cc    -o CMakeFiles/cmTryCompileExec2971351410.dir/CheckSymbolExists.c.o   -c /home/sylvan/Downloads/CDLOD/CDLOD/build/CMakeFiles/CMakeTmp/CheckSymbolExists.c
Linking C executable cmTryCompileExec2971351410
/usr/bin/cmake -E cmake_link_script CMakeFiles/cmTryCompileExec2971351410.dir/link.txt --verbose=1
/usr/bin/cc       CMakeFiles/cmTryCompileExec2971351410.dir/CheckSymbolExists.c.o  -o cmTryCompileExec2971351410 -rdynamic 
CMakeFiles/cmTryCompileExec2971351410.dir/CheckSymbolExists.c.o: In function `main':
CheckSymbolExists.c:(.text+0x16): undefined reference to `pthread_create'
collect2: error: ld returned 1 exit status
make[1]: Leaving directory `/home/sylvan/Downloads/CDLOD/CDLOD/build/CMakeFiles/CMakeTmp'
make[1]: *** [cmTryCompileExec2971351410] Error 1
make: *** [cmTryCompileExec2971351410/fast] Error 2

File /home/sylvan/Downloads/CDLOD/CDLOD/build/CMakeFiles/CMakeTmp/CheckSymbolExists.c:
/* */
#include <pthread.h>

int main(int argc, char** argv)
{
  (void)argv;
#ifndef pthread_create
  return ((int*)(&pthread_create))[argc];
#else
  (void)argc;
  return 0;
#endif
}

Determining if the function pthread_create exists in the pthreads failed with the following output:
Change Dir: /home/sylvan/Downloads/CDLOD/CDLOD/build/CMakeFiles/CMakeTmp

Run Build Command:/usr/bin/make "cmTryCompileExec900518163/fast"
/usr/bin/make -f CMakeFiles/cmTryCompileExec900518163.dir/build.make CMakeFiles/cmTryCompileExec900518163.dir/build
make[1]: Entering directory `/home/sylvan/Downloads/CDLOD/CDLOD/build/CMakeFiles/CMakeTmp'
/usr/bin/cmake -E cmake_progress_report /home/sylvan/Downloads/CDLOD/CDLOD/build/CMakeFiles/CMakeTmp/CMakeFiles 1
Building C object CMakeFiles/cmTryCompileExec900518163.dir/CheckFunctionExists.c.o
/usr/bin/cc   -DCHECK_FUNCTION_EXISTS=pthread_create   -o CMakeFiles/cmTryCompileExec900518163.dir/CheckFunctionExists.c.o   -c /usr/share/cmake-2.8/Modules/CheckFunctionExists.c
Linking C executable cmTryCompileExec900518163
/usr/bin/cmake -E cmake_link_script CMakeFiles/cmTryCompileExec900518163.dir/link.txt --verbose=1
/usr/bin/cc   -DCHECK_FUNCTION_EXISTS=pthread_create    CMakeFiles/cmTryCompileExec900518163.dir/CheckFunctionExists.c.o  -o cmTryCompileExec900518163 -rdynamic -lpthreads 
/usr/bin/ld: cannot find -lpthreads
collect2: error: ld returned 1 exit status
make[1]: Leaving directory `/home/sylvan/Downloads/CDLOD/CDLOD/build/CMakeFiles/CMakeTmp'
make[1]: *** [cmTryCompileExec900518163] Error 1
make: *** [cmTryCompileExec900518163/fast] Error 2


